<?xml version="1.0" encoding="UTF-8"?>
<!-- Generated by org.testng.reporters.JUnitReportReporter -->
<testsuite skipped="0" hostname="DESKTOP-H7SUIF6" name="com.htc.automating.test.ProductOrderTest" tests="4" failures="0" timestamp="2021-03-19T11:35:47 IST" time="207.665" errors="0">
  <testcase name="ProductOrderTest_ShouldCheckoutForValidUser" time="68.025" classname="com.htc.automating.test.ProductOrderTest"/>
  <system-out>
Entering into login page Credentials are entered successfully Clicked on login button successfully Searching for a product product is added to cart Checkout button clicked Got address for shipping the product payment is successful  </system-out>
  <testcase name="ProductOrderTest_ShouldCheckoutForValidUser" time="20.283" classname="com.htc.automating.test.ProductOrderTest"/>
  <system-out>
Entering into login page Credentials are entered successfully Clicked on login button successfully  </system-out>
  <testcase name="ProductOrderTest_ShouldCheckoutForValidUser" time="60.493" classname="com.htc.automating.test.ProductOrderTest"/>
  <system-out>
Entering into login page Credentials are entered successfully Clicked on login button successfully Searching for a product product is added to cart Checkout button clicked Got address for shipping the product payment is successful  </system-out>
  <testcase name="ProductOrderTest_ShouldCheckoutForValidUser" time="58.864" classname="com.htc.automating.test.ProductOrderTest"/>
  <system-out>
Entering into login page Credentials are entered successfully Clicked on login button successfully Searching for a product product is added to cart Checkout button clicked Got address for shipping the product payment is successful  </system-out>
</testsuite> <!-- com.htc.automating.test.ProductOrderTest -->
