<?xml version="1.0" encoding="UTF-8"?>
<!-- Generated by org.testng.reporters.JUnitReportReporter -->
<testsuite skipped="4" hostname="DESKTOP-H7SUIF6" name="com.htc.automating.test.ProductOrderTest" tests="4" failures="0" timestamp="2021-03-18T09:05:06 IST" time="0.000" errors="0">
  <testcase name="ProductOrderTest_ShouldCheckoutForValidUser" time="0.000" classname="com.htc.automating.test.ProductOrderTest">
    <skipped/>
  </testcase> <!-- ProductOrderTest_ShouldCheckoutForValidUser -->
  <system-out/>
  <testcase name="ProductOrderTest_ShouldCheckoutForValidUser" time="0.000" classname="com.htc.automating.test.ProductOrderTest">
    <skipped/>
  </testcase> <!-- ProductOrderTest_ShouldCheckoutForValidUser -->
  <system-out/>
  <testcase name="ProductOrderTest_ShouldCheckoutForValidUser" time="0.000" classname="com.htc.automating.test.ProductOrderTest">
    <skipped/>
  </testcase> <!-- ProductOrderTest_ShouldCheckoutForValidUser -->
  <system-out/>
  <testcase name="ProductOrderTest_ShouldCheckoutForValidUser" time="0.000" classname="com.htc.automating.test.ProductOrderTest">
    <skipped/>
  </testcase> <!-- ProductOrderTest_ShouldCheckoutForValidUser -->
  <system-out/>
</testsuite> <!-- com.htc.automating.test.ProductOrderTest -->
