<?xml version="1.0" encoding="UTF-8"?>
<!-- Generated by org.testng.reporters.JUnitReportReporter -->
<testsuite hostname="DESKTOP-H7SUIF6" failures="0" tests="2" name="com.htc.automating.test.ProductOrderTest" time="62.772" errors="0" timestamp="2021-04-30T10:49:03 IST" skipped="0">
  <testcase classname="com.htc.automating.test.ProductOrderTest" name="ProductOrderTest_ShouldCheckoutForValidUser" time="61.941"/>
  <system-out/>
  <testcase classname="com.htc.automating.test.ProductOrderTest" name="ProductOrderTest_ShouldCheckoutForValidUser" time="0.831"/>
  <system-out/>
</testsuite> <!-- com.htc.automating.test.ProductOrderTest -->
