<?xml version="1.0" encoding="UTF-8"?>
<!-- Generated by org.testng.reporters.JUnitReportReporter -->
<testsuite hostname="DESKTOP-H7SUIF6" failures="0" tests="2" name="com.htc.automating.test.SearchFunctionalityTest" time="81.036" errors="0" timestamp="2021-05-29T11:14:22 IST" skipped="0">
  <testcase classname="com.htc.automating.test.SearchFunctionalityTest" name="searchTest_shouldDisplaySameProductsAccordingToSearch" time="40.367"/>
  <system-out>
Login with the user 8919730846 searching for Lenovo Mobile Checking for searching functionality true  </system-out>
  <testcase classname="com.htc.automating.test.SearchFunctionalityTest" name="searchTest_shouldDisplaySameProductsAccordingToSearch" time="40.669"/>
  <system-out>
Login with the user 8919730846 searching for Lenovo Mobile Checking for searching functionality true  </system-out>
</testsuite> <!-- com.htc.automating.test.SearchFunctionalityTest -->
