<?xml version="1.0" encoding="UTF-8"?>
<!-- Generated by org.testng.reporters.JUnitReportReporter -->
<testsuite hostname="DESKTOP-H7SUIF6" failures="0" tests="1" name="com.htc.automating.test.CartEmptyTest" time="77.213" errors="0" timestamp="2021-05-29T11:14:22 IST" skipped="0">
  <testcase classname="com.htc.automating.test.CartEmptyTest" name="removingProductsFromCartForValidUser" time="77.213"/>
  <system-out>
Login with the user 8919730846 Went to cart page  Able to remove all products in cart  Able to remove all products in cart  Able to remove all products in cart  Checking for cart empty true User 8919730846 logged out  </system-out>
</testsuite> <!-- com.htc.automating.test.CartEmptyTest -->
