<?xml version="1.0" encoding="UTF-8"?>
<!-- Generated by org.testng.reporters.JUnitReportReporter -->
<testsuite hostname="DESKTOP-H7SUIF6" failures="0" tests="1" name="com.htc.automating.test.UseMyCurrentLocationFunctionalityTest" time="59.544" errors="0" timestamp="2021-05-29T11:14:22 IST" skipped="0">
  <testcase classname="com.htc.automating.test.UseMyCurrentLocationFunctionalityTest" name="shouldLocatePincode_AfterClickOnLocationButton" time="59.544"/>
  <system-out>
Login with the user 8919730846 Went to profile page  Went to address page  Checking for current location button working false  </system-out>
</testsuite> <!-- com.htc.automating.test.UseMyCurrentLocationFunctionalityTest -->
