<?xml version="1.0" encoding="UTF-8"?>
<!-- Generated by org.testng.reporters.JUnitReportReporter -->
<testsuite hostname="DESKTOP-H7SUIF6" failures="0" tests="4" name="com.htc.automating.test.LoginTest" time="81.409" errors="0" timestamp="2021-03-13T13:01:14 IST" skipped="0">
  <testcase classname="com.htc.automating.test.LoginTest" name="validAndInvalidLoginTest_ShouldLoginForValidUser" time="17.551"/>
  <system-out>
Entering into login page Credentials are entered successfully Clicked on login button successfully  </system-out>
  <testcase classname="com.htc.automating.test.LoginTest" name="validAndInvalidLoginTest_ShouldLoginForValidUser" time="20.802"/>
  <system-out>
Entering into login page Credentials are entered successfully Clicked on login button successfully  </system-out>
  <testcase classname="com.htc.automating.test.LoginTest" name="validAndInvalidLoginTest_ShouldLoginForValidUser" time="20.709"/>
  <system-out>
Entering into login page Credentials are entered successfully Clicked on login button successfully  </system-out>
  <testcase classname="com.htc.automating.test.LoginTest" name="validAndInvalidLoginTest_ShouldLoginForValidUser" time="22.347"/>
  <system-out>
Entering into login page Credentials are entered successfully Clicked on login button successfully  </system-out>
</testsuite> <!-- com.htc.automating.test.LoginTest -->
