<?xml version="1.0" encoding="UTF-8"?>
<!-- Generated by org.testng.reporters.JUnitReportReporter -->
<testsuite hostname="DESKTOP-H7SUIF6" failures="0" tests="1" name="com.htc.automating.test.ProfileVerificationTest" time="56.034" errors="0" timestamp="2021-05-29T11:14:22 IST" skipped="0">
  <testcase classname="com.htc.automating.test.ProfileVerificationTest" name="verifyUserNameAndGender" time="56.034"/>
  <system-out>
Login with the user 8919730846 Went to profile page  Edited profile info  Checking for profile info true Checking for full name true  </system-out>
</testsuite> <!-- com.htc.automating.test.ProfileVerificationTest -->
