<?xml version="1.0" encoding="UTF-8"?>
<!-- Generated by org.testng.reporters.JUnitReportReporter -->
<testsuite skipped="4" hostname="DESKTOP-H7SUIF6" name="com.htc.automating.test.LoginTest" tests="5" failures="0" timestamp="2021-03-18T09:05:06 IST" time="0.017" errors="1">
  <testcase name="validAndInvalidLoginTest_ShouldLoginForValidUser" time="0.000" classname="com.htc.automating.test.LoginTest">
    <skipped/>
  </testcase> <!-- validAndInvalidLoginTest_ShouldLoginForValidUser -->
  <system-out/>
  <testcase name="setup" time="0.017" classname="com.htc.automating.test.LoginTest">
    <error type="java.lang.Error" message="Unresolved compilation problems: 
	The constructor LogInPage() is undefined
	The constructor ProductOrderPage() is undefined
	The constructor CheckoutPage() is undefined
">
      <![CDATA[java.lang.Error: Unresolved compilation problems: 
The constructor LogInPage() is undefined
The constructor ProductOrderPage() is undefined
The constructor CheckoutPage() is undefined

at com.htc.automating.base.BaseTest.setup(BaseTest.java:28)
at sun.reflect.NativeMethodAccessorImpl.invoke0(Native Method)
at sun.reflect.NativeMethodAccessorImpl.invoke(NativeMethodAccessorImpl.java:62)
at sun.reflect.DelegatingMethodAccessorImpl.invoke(DelegatingMethodAccessorImpl.java:43)
at java.lang.reflect.Method.invoke(Method.java:498)
at org.testng.internal.MethodInvocationHelper.invokeMethod(MethodInvocationHelper.java:132)
at org.testng.internal.MethodInvocationHelper.invokeMethodConsideringTimeout(MethodInvocationHelper.java:61)
at org.testng.internal.ConfigInvoker.invokeConfigurationMethod(ConfigInvoker.java:366)
at org.testng.internal.ConfigInvoker.invokeConfigurations(ConfigInvoker.java:320)
at org.testng.SuiteRunner.privateRun(SuiteRunner.java:327)
at org.testng.SuiteRunner.run(SuiteRunner.java:286)
at org.testng.SuiteRunnerWorker.runSuite(SuiteRunnerWorker.java:53)
at org.testng.SuiteRunnerWorker.run(SuiteRunnerWorker.java:96)
at org.testng.TestNG.runSuitesSequentially(TestNG.java:1218)
at org.testng.TestNG.runSuitesLocally(TestNG.java:1140)
at org.testng.TestNG.runSuites(TestNG.java:1069)
at org.testng.TestNG.run(TestNG.java:1037)
at org.testng.remote.AbstractRemoteTestNG.run(AbstractRemoteTestNG.java:115)
at org.testng.remote.RemoteTestNG.initAndRun(RemoteTestNG.java:251)
at org.testng.remote.RemoteTestNG.main(RemoteTestNG.java:77)
]]>
    </error>
  </testcase> <!-- setup -->
  <system-out/>
  <testcase name="validAndInvalidLoginTest_ShouldLoginForValidUser" time="0.000" classname="com.htc.automating.test.LoginTest">
    <skipped/>
  </testcase> <!-- validAndInvalidLoginTest_ShouldLoginForValidUser -->
  <system-out/>
  <testcase name="validAndInvalidLoginTest_ShouldLoginForValidUser" time="0.000" classname="com.htc.automating.test.LoginTest">
    <skipped/>
  </testcase> <!-- validAndInvalidLoginTest_ShouldLoginForValidUser -->
  <system-out/>
  <testcase name="validAndInvalidLoginTest_ShouldLoginForValidUser" time="0.000" classname="com.htc.automating.test.LoginTest">
    <skipped/>
  </testcase> <!-- validAndInvalidLoginTest_ShouldLoginForValidUser -->
  <system-out/>
</testsuite> <!-- com.htc.automating.test.LoginTest -->
