<?xml version="1.0" encoding="UTF-8"?>
<!-- Generated by org.testng.reporters.JUnitReportReporter -->
<testsuite hostname="DESKTOP-H7SUIF6" failures="0" tests="1" name="com.htc.automating.test.AppDownloadTest" time="49.171" errors="0" timestamp="2021-05-29T11:14:22 IST" skipped="0">
  <testcase classname="com.htc.automating.test.AppDownloadTest" name="downloadingAppTest_ForValidUser" time="49.171"/>
  <system-out>
Login with the user 8919730846 Comfirming the login function true Went to download page  Checking for app is downloadable true  </system-out>
</testsuite> <!-- com.htc.automating.test.AppDownloadTest -->
