<?xml version="1.0" encoding="UTF-8"?>
<!-- Generated by org.testng.reporters.JUnitReportReporter -->
<testsuite skipped="0" hostname="DESKTOP-H7SUIF6" name="com.htc.automating.test.LoginTest" tests="4" failures="0" timestamp="2021-03-19T13:46:24 IST" time="95.075" errors="0">
  <testcase name="validAndInvalidLoginTest_ShouldLoginForValidUser" time="27.590" classname="com.htc.automating.test.LoginTest"/>
  <system-out>
Entering into login page Credentials are entered successfully Clicked on login button successfully  </system-out>
  <testcase name="validAndInvalidLoginTest_ShouldLoginForValidUser" time="25.184" classname="com.htc.automating.test.LoginTest"/>
  <system-out>
Entering into login page Credentials are entered successfully Clicked on login button successfully  </system-out>
  <testcase name="validAndInvalidLoginTest_ShouldLoginForValidUser" time="24.425" classname="com.htc.automating.test.LoginTest"/>
  <system-out>
Entering into login page Credentials are entered successfully Clicked on login button successfully  </system-out>
  <testcase name="validAndInvalidLoginTest_ShouldLoginForValidUser" time="17.876" classname="com.htc.automating.test.LoginTest"/>
  <system-out>
Entering into login page Credentials are entered successfully Clicked on login button successfully  </system-out>
</testsuite> <!-- com.htc.automating.test.LoginTest -->
