<?xml version="1.0" encoding="UTF-8"?>
<!-- Generated by org.testng.reporters.JUnitReportReporter -->
<testsuite skipped="0" hostname="DESKTOP-H7SUIF6" name="com.htc.automating.test.LoginTest" tests="4" failures="0" timestamp="2021-03-17T19:23:28 IST" time="91.924" errors="0">
  <testcase name="validAndInvalidLoginTest_ShouldLoginForValidUser" time="17.430" classname="com.htc.automating.test.LoginTest"/>
  <system-out>
Entering into login page Credentials are entered successfully Clicked on login button successfully  </system-out>
  <testcase name="validAndInvalidLoginTest_ShouldLoginForValidUser" time="25.511" classname="com.htc.automating.test.LoginTest"/>
  <system-out>
Entering into login page Credentials are entered successfully Clicked on login button successfully  </system-out>
  <testcase name="validAndInvalidLoginTest_ShouldLoginForValidUser" time="25.022" classname="com.htc.automating.test.LoginTest"/>
  <system-out>
Entering into login page Credentials are entered successfully Clicked on login button successfully  </system-out>
  <testcase name="validAndInvalidLoginTest_ShouldLoginForValidUser" time="23.961" classname="com.htc.automating.test.LoginTest"/>
  <system-out>
Entering into login page Credentials are entered successfully Clicked on login button successfully  </system-out>
</testsuite> <!-- com.htc.automating.test.LoginTest -->
