<?xml version="1.0" encoding="UTF-8"?>
<!-- Generated by org.testng.reporters.JUnitReportReporter -->
<testsuite hostname="DESKTOP-H7SUIF6" failures="0" tests="1" name="com.htc.automating.test.ProductCostVerificationTest" time="110.927" errors="0" timestamp="2021-05-29T11:14:22 IST" skipped="0">
  <testcase classname="com.htc.automating.test.ProductCostVerificationTest" name="verifyCostInProductDescriptionAndOrderSummary" time="110.927"/>
  <system-out>
Login with the user 8919730846 searching for OnePlus Bullets Wireless Z Bass Edition Bluetooth Headset Clicked on OnePlus Bullets Wireless Z Bass Edition Bluetooth Headset cost of required product in product description page is  1999 Selected required color of product is Reverb Red Clicked on buy now option entered into order summary page  cost of required product in order summary page is 1999  </system-out>
</testsuite> <!-- com.htc.automating.test.ProductCostVerificationTest -->
