<?xml version="1.0" encoding="UTF-8"?>
<!-- Generated by org.testng.reporters.JUnitReportReporter -->
<testsuite hostname="DESKTOP-H7SUIF6" failures="0" tests="1" name="com.htc.automating.test.ProductAddToCartTest" time="89.284" errors="0" timestamp="2021-05-29T11:14:22 IST" skipped="0">
  <testcase classname="com.htc.automating.test.ProductAddToCartTest" name="shouldAddProductToCart_ForValidUser" time="89.284"/>
  <system-out>
Login with the user 8919730846 searching for OnePlus Bullets Wireless Z Bass Edition Bluetooth Headset Clicked on OnePlus Bullets Wireless Z Bass Edition Bluetooth Headset Selected required color of product is Reverb Red Product is added to cart  Checking for cart page visibility true  </system-out>
</testsuite> <!-- com.htc.automating.test.ProductAddToCartTest -->
