<?xml version="1.0" encoding="UTF-8"?>
<!-- Generated by org.testng.reporters.JUnitReportReporter -->
<testsuite hostname="DESKTOP-H7SUIF6" failures="0" tests="1" name="com.htc.automating.test.MobileNumberVerificationTest" time="43.299" errors="0" timestamp="2021-05-29T11:14:22 IST" skipped="0">
  <testcase classname="com.htc.automating.test.MobileNumberVerificationTest" name="verifyUserMobileNumber" time="43.299"/>
  <system-out>
Login with the user 8919730846 Went to profile page  Checking for mobile number true  </system-out>
</testsuite> <!-- com.htc.automating.test.MobileNumberVerificationTest -->
