<?xml version="1.0" encoding="UTF-8"?>
<!-- Generated by org.testng.reporters.JUnitReportReporter -->
<testsuite hostname="DESKTOP-H7SUIF6" failures="0" tests="4" name="com.htc.automating.test.ProductOrderTest" time="175.297" errors="0" timestamp="2021-03-13T13:01:14 IST" skipped="0">
  <testcase classname="com.htc.automating.test.ProductOrderTest" name="ProductOrderTest_ShouldCheckoutForValidUser" time="51.610"/>
  <system-out>
Entering into login page Credentials are entered successfully Clicked on login button successfully Searching for a product Checkout button clicked Got address for shipping the product payment is successful  </system-out>
  <testcase classname="com.htc.automating.test.ProductOrderTest" name="ProductOrderTest_ShouldCheckoutForValidUser" time="17.876"/>
  <system-out>
Entering into login page Credentials are entered successfully Clicked on login button successfully  </system-out>
  <testcase classname="com.htc.automating.test.ProductOrderTest" name="ProductOrderTest_ShouldCheckoutForValidUser" time="56.004"/>
  <system-out>
Entering into login page Credentials are entered successfully Clicked on login button successfully Searching for a product Checkout button clicked Got address for shipping the product payment is successful  </system-out>
  <testcase classname="com.htc.automating.test.ProductOrderTest" name="ProductOrderTest_ShouldCheckoutForValidUser" time="49.807"/>
  <system-out>
Entering into login page Credentials are entered successfully Clicked on login button successfully Searching for a product Checkout button clicked Got address for shipping the product payment is successful  </system-out>
</testsuite> <!-- com.htc.automating.test.ProductOrderTest -->
